<?xml version="1.0" encoding="UTF-8"?>
<!-- Generated by org.testng.reporters.JUnitReportReporter -->
<testsuite hostname="ASUS" failures="0" tests="1" name="Qsp.Demo" time="1.833" errors="0" timestamp="2024-10-09T14:53:24 IST" skipped="0">
  <testcase classname="Qsp.Demo" name="test" time="1.833"/>
</testsuite> <!-- Qsp.Demo -->
